<?xml version="1.0" encoding="UTF-8"?>
<coverage generated="1524016713449" clover="3.2.0">
  <project timestamp="1524016713449" name="All files">
    <metrics statements="10" coveredstatements="10" conditionals="10" coveredconditionals="10" methods="3" coveredmethods="3" elements="23" coveredelements="23" complexity="0" loc="10" ncloc="10" packages="1" files="2" classes="2">
      <file name="arithmetic.js" path="/Users/josiahgreen/Codefellows/401/labs/01-TDD/lab-josiah/src/lib/arithmetic.js">
        <metrics statements="7" coveredstatements="7" conditionals="8" coveredconditionals="8" methods="2" coveredmethods="2"/>
        <line num="3" count="1" type="stmt"/>
        <line num="5" count="1" type="stmt"/>
        <line num="6" count="4" type="cond" truecount="4" falsecount="0"/>
        <line num="7" count="2" type="stmt"/>
        <line num="10" count="1" type="stmt"/>
        <line num="11" count="4" type="cond" truecount="4" falsecount="0"/>
        <line num="12" count="2" type="stmt"/>
      </file>
      <file name="greet.js" path="/Users/josiahgreen/Codefellows/401/labs/01-TDD/lab-josiah/src/lib/greet.js">
        <metrics statements="3" coveredstatements="3" conditionals="2" coveredconditionals="2" methods="1" coveredmethods="1"/>
        <line num="3" count="1" type="stmt"/>
        <line num="4" count="2" type="cond" truecount="2" falsecount="0"/>
        <line num="5" count="1" type="stmt"/>
      </file>
    </metrics>
  </project>
</coverage>
