{"/Users/josiahgreen/Codefellows/401/labs/01-TDD/lab-josiah/src/lib/arithmetic.js": {"path":"/Users/josiahgreen/Codefellows/401/labs/01-TDD/lab-josiah/src/lib/arithmetic.js","statementMap":{"0":{"start":{"line":3,"column":19},"end":{"line":3,"column":38}},"1":{"start":{"line":5,"column":0},"end":{"line":8,"column":2}},"2":{"start":{"line":6,"column":2},"end":{"line":6,"column":77}},"3":{"start":{"line":6,"column":60},"end":{"line":6,"column":77}},"4":{"start":{"line":7,"column":2},"end":{"line":7,"column":21}},"5":{"start":{"line":10,"column":0},"end":{"line":13,"column":2}},"6":{"start":{"line":11,"column":2},"end":{"line":11,"column":77}},"7":{"start":{"line":11,"column":60},"end":{"line":11,"column":77}},"8":{"start":{"line":12,"column":2},"end":{"line":12,"column":21}}},"fnMap":{"0":{"name":"(anonymous_0)","decl":{"start":{"line":5,"column":17},"end":{"line":5,"column":18}},"loc":{"start":{"line":5,"column":33},"end":{"line":8,"column":1}},"line":5},"1":{"name":"(anonymous_1)","decl":{"start":{"line":10,"column":17},"end":{"line":10,"column":18}},"loc":{"start":{"line":10,"column":33},"end":{"line":13,"column":1}},"line":10}},"branchMap":{"0":{"loc":{"start":{"line":6,"column":2},"end":{"line":6,"column":77}},"type":"if","locations":[{"start":{"line":6,"column":2},"end":{"line":6,"column":77}},{"start":{"line":6,"column":2},"end":{"line":6,"column":77}}],"line":6},"1":{"loc":{"start":{"line":6,"column":6},"end":{"line":6,"column":58}},"type":"binary-expr","locations":[{"start":{"line":6,"column":6},"end":{"line":6,"column":30}},{"start":{"line":6,"column":34},"end":{"line":6,"column":58}}],"line":6},"2":{"loc":{"start":{"line":11,"column":2},"end":{"line":11,"column":77}},"type":"if","locations":[{"start":{"line":11,"column":2},"end":{"line":11,"column":77}},{"start":{"line":11,"column":2},"end":{"line":11,"column":77}}],"line":11},"3":{"loc":{"start":{"line":11,"column":6},"end":{"line":11,"column":58}},"type":"binary-expr","locations":[{"start":{"line":11,"column":6},"end":{"line":11,"column":30}},{"start":{"line":11,"column":34},"end":{"line":11,"column":58}}],"line":11}},"s":{"0":1,"1":1,"2":4,"3":2,"4":2,"5":1,"6":4,"7":2,"8":2},"f":{"0":4,"1":4},"b":{"0":[2,2],"1":[4,2],"2":[2,2],"3":[4,2]},"_coverageSchema":"332fd63041d2c1bcb487cc26dd0d5f7d97098a6c","hash":"776b46b1ce00356fd5883a96de3aa7de9d35a98d"}
,"/Users/josiahgreen/Codefellows/401/labs/01-TDD/lab-josiah/src/lib/greet.js": {"path":"/Users/josiahgreen/Codefellows/401/labs/01-TDD/lab-josiah/src/lib/greet.js","statementMap":{"0":{"start":{"line":3,"column":0},"end":{"line":6,"column":2}},"1":{"start":{"line":4,"column":2},"end":{"line":4,"column":46}},"2":{"start":{"line":4,"column":34},"end":{"line":4,"column":46}},"3":{"start":{"line":5,"column":2},"end":{"line":5,"column":27}}},"fnMap":{"0":{"name":"(anonymous_0)","decl":{"start":{"line":3,"column":17},"end":{"line":3,"column":18}},"loc":{"start":{"line":3,"column":29},"end":{"line":6,"column":1}},"line":3}},"branchMap":{"0":{"loc":{"start":{"line":4,"column":2},"end":{"line":4,"column":46}},"type":"if","locations":[{"start":{"line":4,"column":2},"end":{"line":4,"column":46}},{"start":{"line":4,"column":2},"end":{"line":4,"column":46}}],"line":4}},"s":{"0":1,"1":2,"2":1,"3":1},"f":{"0":2},"b":{"0":[1,1]},"_coverageSchema":"332fd63041d2c1bcb487cc26dd0d5f7d97098a6c","hash":"8fbbdd4526e4c14e45cca45797199f8c0ad55515"}
}
