TN:
SF:/Users/josiahgreen/Codefellows/401/labs/01-TDD/lab-josiah/src/lib/arithmetic.js
FN:5,(anonymous_0)
FN:10,(anonymous_1)
FNF:2
FNH:2
FNDA:4,(anonymous_0)
FNDA:4,(anonymous_1)
DA:3,1
DA:5,1
DA:6,4
DA:7,2
DA:10,1
DA:11,4
DA:12,2
LF:7
LH:7
BRDA:6,0,0,2
BRDA:6,0,1,2
BRDA:6,1,0,4
BRDA:6,1,1,2
BRDA:11,2,0,2
BRDA:11,2,1,2
BRDA:11,3,0,4
BRDA:11,3,1,2
BRF:8
BRH:8
end_of_record
TN:
SF:/Users/josiahgreen/Codefellows/401/labs/01-TDD/lab-josiah/src/lib/greet.js
FN:3,(anonymous_0)
FNF:1
FNH:1
FNDA:2,(anonymous_0)
DA:3,1
DA:4,2
DA:5,1
LF:3
LH:3
BRDA:4,0,0,1
BRDA:4,0,1,1
BRF:2
BRH:2
end_of_record
